<?xml version="1.0" encoding="UTF-8"?>
<testng-results ignored="0" total="1" passed="1" failed="0" skipped="0">
  <reporter-output>
  </reporter-output>
  <suite started-at="2021-08-18T22:47:37 EDT" name="Default suite" finished-at="2021-08-18T22:47:50 EDT" duration-ms="13098">
    <groups>
    </groups>
    <test started-at="2021-08-18T22:47:37 EDT" name="Default test" finished-at="2021-08-18T22:47:50 EDT" duration-ms="13098">
      <class name="com.selenium.framework.tests.Random">
        <test-method signature="initiation()[pri:0, instance:com.selenium.framework.tests.Random@7c83dc97]" started-at="2021-08-18T22:47:37 EDT" name="initiation" finished-at="2021-08-18T22:47:50 EDT" duration-ms="13037" status="PASS">
          <reporter-output>
          </reporter-output>
        </test-method> <!-- initiation -->
      </class> <!-- com.selenium.framework.tests.Random -->
    </test> <!-- Default test -->
  </suite> <!-- Default suite -->
</testng-results>
