<?xml version="1.0" encoding="UTF-8"?>
<!-- Generated by org.testng.reporters.JUnitXMLReporter -->
<testsuite ignored="0" hostname="LAPTOP-1EHUG3JI" failures="0" tests="3" name="Test" time="65.607" errors="0" timestamp="2021-10-12T02:33:38 EDT">
  <testcase classname="com.selenium.framework.tests.testingTESTxmlFile2" name="testCreatingAccountUsingSameEmail22" time="9.266"/>
  <testcase classname="com.selenium.framework.tests.testingTESTxmlFile2" name="testSignInRightCredentials22" time="16.101"/>
  <testcase classname="com.selenium.framework.tests.ContactCCareTesting" name="contactCustomerCareTesting" time="11.863"/>
</testsuite> <!-- Test -->
