<?xml version="1.0" encoding="UTF-8"?>
<testng-results ignored="0" total="1" passed="1" failed="0" skipped="0">
  <reporter-output>
  </reporter-output>
  <suite started-at="2021-07-28T01:10:50 EDT" name="Default suite" finished-at="2021-07-28T01:11:03 EDT" duration-ms="13331">
    <groups>
    </groups>
    <test started-at="2021-07-28T01:10:50 EDT" name="Default test" finished-at="2021-07-28T01:11:03 EDT" duration-ms="13331">
      <class name="com.selenium.framework.tests.JqueryTestingInteractions">
        <test-method signature="initiation()[pri:0, instance:com.selenium.framework.tests.JqueryTestingInteractions@37f1104d]" started-at="2021-07-28T01:10:50 EDT" name="initiation" finished-at="2021-07-28T01:11:03 EDT" duration-ms="13285" status="PASS">
          <reporter-output>
          </reporter-output>
        </test-method> <!-- initiation -->
      </class> <!-- com.selenium.framework.tests.JqueryTestingInteractions -->
    </test> <!-- Default test -->
  </suite> <!-- Default suite -->
</testng-results>
