<?xml version="1.0" encoding="UTF-8"?>
<!-- Generated by org.testng.reporters.JUnitXMLReporter -->
<testsuite ignored="0" hostname="LAPTOP-1EHUG3JI" failures="0" tests="3" name="Default test" time="60.819" errors="0" timestamp="2021-11-10T00:34:15 EST">
  <testcase classname="differentTestings.DDTdataProviderAnnotation" name="contactCustomerCareTesting" time="12.619"/>
  <testcase classname="differentTestings.DDTdataProviderAnnotation" name="contactCustomerCareTesting" time="13.355"/>
  <testcase classname="differentTestings.DDTdataProviderAnnotation" name="contactCustomerCareTesting" time="12.636"/>
</testsuite> <!-- Default test -->
