<?xml version="1.0" encoding="UTF-8"?>
<!-- Generated by org.testng.reporters.JUnitXMLReporter -->
<testsuite ignored="0" hostname="LAPTOP-1EHUG3JI" failures="0" tests="4" name="Test1" time="46.419" errors="0" timestamp="2021-09-19T12:45:50 EDT">
  <testcase classname="com.selenium.framework.tests.searchingFunctionsTesting" name="searchingSpecialCharactersAndNumbersTest" time="8.887"/>
  <testcase classname="com.selenium.framework.tests.searchingFunctionsTesting" name="UsingHighestLowestFilterTest" time="7.579"/>
  <testcase classname="com.selenium.framework.tests.searchingFunctionsTesting" name="confirmSearchResultMatchingToSearchInput" time="1.438"/>
  <testcase classname="com.selenium.framework.tests.searchingFunctionsTesting" name="checkingSiteMsgAfterSearchingNotExistItem" time="2.041"/>
</testsuite> <!-- Test1 -->
